Index: 0		Employee ID: M1234
Index: 1		Employee ID: P2833
Index: 2		Employee ID: T5767
Index: 3		Employee ID: P2398
Index: 4		Employee ID: T5135
Index: 5		Employee ID: S3002
Index: 6		Employee ID: A4601
Index: 7		Employee ID: A4109
Index: 8		Employee ID: M1091
Index: 9		Employee ID: A4775
Index: 10		Employee ID: P2091
Index: 11		Employee ID: M1009
Index: 12		Employee ID: S3881
Index: 13		Employee ID: P2666
Index: 14		Employee ID: P2787
Index: 15		Employee ID: S3111
Index: 16		Employee ID: T5510
Index: 17		Employee ID: P2335
Index: 18		Employee ID: P2001
Index: 19		Employee ID: A4568
Index: 20		Employee ID: T5285
Index: 21		Employee ID: M1818
Index: 22		Employee ID: T5901
Index: 23		Employee ID: P2468
Index: 24		Employee ID: S3731
Index: 25		Employee ID: T5100
